[4.338s] Invoking command in '/home/zahid/NextAISense/ROS/src/turtle_simulation': DEBUGINFOD_URLS=https://debuginfod.ubuntu.com PYTHONPATH=/home/zahid/NextAISense/ROS/build/turtle_simulation/prefix_override:/usr/lib/python3/dist-packages/colcon_core/task/python/colcon_distutils_commands:/home/zahid/NextAISense/ROS/install/turtle_simulation/lib/python3.12/site-packages:${PYTHONPATH} /usr/bin/python3 -W ignore:setup.py install is deprecated -W ignore:easy_install command is deprecated setup.py egg_info --egg-base ../../build/turtle_simulation build --build-base /home/zahid/NextAISense/ROS/build/turtle_simulation/build install --record /home/zahid/NextAISense/ROS/build/turtle_simulation/install.log --single-version-externally-managed install_data
[4.677s] running egg_info
[4.678s] creating ../../build/turtle_simulation/turtle_simulation.egg-info
[4.702s] writing ../../build/turtle_simulation/turtle_simulation.egg-info/PKG-INFO
[4.703s] writing dependency_links to ../../build/turtle_simulation/turtle_simulation.egg-info/dependency_links.txt
[4.703s] writing requirements to ../../build/turtle_simulation/turtle_simulation.egg-info/requires.txt
[4.703s] writing top-level names to ../../build/turtle_simulation/turtle_simulation.egg-info/top_level.txt
[4.703s] writing manifest file '../../build/turtle_simulation/turtle_simulation.egg-info/SOURCES.txt'
[4.757s] reading manifest file '../../build/turtle_simulation/turtle_simulation.egg-info/SOURCES.txt'
[4.758s] writing manifest file '../../build/turtle_simulation/turtle_simulation.egg-info/SOURCES.txt'
[4.758s] running build
[4.759s] running build_py
[4.759s] creating /home/zahid/NextAISense/ROS/build/turtle_simulation/build
[4.759s] creating /home/zahid/NextAISense/ROS/build/turtle_simulation/build/lib
[4.759s] creating /home/zahid/NextAISense/ROS/build/turtle_simulation/build/lib/turtle_simulation
[4.759s] copying turtle_simulation/__init__.py -> /home/zahid/NextAISense/ROS/build/turtle_simulation/build/lib/turtle_simulation
[4.760s] running install
[4.768s] running install_lib
[4.793s] creating /home/zahid/NextAISense/ROS/install/turtle_simulation/lib/python3.12/site-packages/turtle_simulation
[4.793s] copying /home/zahid/NextAISense/ROS/build/turtle_simulation/build/lib/turtle_simulation/__init__.py -> /home/zahid/NextAISense/ROS/install/turtle_simulation/lib/python3.12/site-packages/turtle_simulation
[4.794s] byte-compiling /home/zahid/NextAISense/ROS/install/turtle_simulation/lib/python3.12/site-packages/turtle_simulation/__init__.py to __init__.cpython-312.pyc
[4.794s] running install_data
[4.794s] creating /home/zahid/NextAISense/ROS/install/turtle_simulation/share/ament_index
[4.794s] creating /home/zahid/NextAISense/ROS/install/turtle_simulation/share/ament_index/resource_index
[4.794s] creating /home/zahid/NextAISense/ROS/install/turtle_simulation/share/ament_index/resource_index/packages
[4.795s] copying resource/turtle_simulation -> /home/zahid/NextAISense/ROS/install/turtle_simulation/share/ament_index/resource_index/packages
[4.795s] copying package.xml -> /home/zahid/NextAISense/ROS/install/turtle_simulation/share/turtle_simulation
[4.795s] running install_egg_info
[4.823s] Copying ../../build/turtle_simulation/turtle_simulation.egg-info to /home/zahid/NextAISense/ROS/install/turtle_simulation/lib/python3.12/site-packages/turtle_simulation-0.0.0-py3.12.egg-info
[4.824s] running install_scripts
[5.002s] writing list of installed files to '/home/zahid/NextAISense/ROS/build/turtle_simulation/install.log'
[5.042s] Invoked command in '/home/zahid/NextAISense/ROS/src/turtle_simulation' returned '0': DEBUGINFOD_URLS=https://debuginfod.ubuntu.com PYTHONPATH=/home/zahid/NextAISense/ROS/build/turtle_simulation/prefix_override:/usr/lib/python3/dist-packages/colcon_core/task/python/colcon_distutils_commands:/home/zahid/NextAISense/ROS/install/turtle_simulation/lib/python3.12/site-packages:${PYTHONPATH} /usr/bin/python3 -W ignore:setup.py install is deprecated -W ignore:easy_install command is deprecated setup.py egg_info --egg-base ../../build/turtle_simulation build --build-base /home/zahid/NextAISense/ROS/build/turtle_simulation/build install --record /home/zahid/NextAISense/ROS/build/turtle_simulation/install.log --single-version-externally-managed install_data
