[3.107s] Invoking command in '/home/zahid/NextAISense/ROS/src/turtle_simulation': DEBUGINFOD_URLS=https://debuginfod.ubuntu.com PYTHONPATH=/home/zahid/NextAISense/ROS/build/turtle_simulation/prefix_override:/usr/lib/python3/dist-packages/colcon_core/task/python/colcon_distutils_commands:/home/zahid/NextAISense/ROS/install/turtle_simulation/lib/python3.12/site-packages:${PYTHONPATH} /usr/bin/python3 -W ignore:setup.py install is deprecated -W ignore:easy_install command is deprecated setup.py egg_info --egg-base ../../build/turtle_simulation build --build-base /home/zahid/NextAISense/ROS/build/turtle_simulation/build install --record /home/zahid/NextAISense/ROS/build/turtle_simulation/install.log --single-version-externally-managed install_data
[4.162s] running egg_info
[4.223s] writing ../../build/turtle_simulation/turtle_simulation.egg-info/PKG-INFO
[4.223s] writing dependency_links to ../../build/turtle_simulation/turtle_simulation.egg-info/dependency_links.txt
[4.223s] writing entry points to ../../build/turtle_simulation/turtle_simulation.egg-info/entry_points.txt
[4.224s] writing requirements to ../../build/turtle_simulation/turtle_simulation.egg-info/requires.txt
[4.224s] writing top-level names to ../../build/turtle_simulation/turtle_simulation.egg-info/top_level.txt
[4.374s] reading manifest file '../../build/turtle_simulation/turtle_simulation.egg-info/SOURCES.txt'
[4.376s] writing manifest file '../../build/turtle_simulation/turtle_simulation.egg-info/SOURCES.txt'
[4.376s] running build
[4.376s] running build_py
[4.380s] running install
[4.402s] running install_lib
[4.489s] running install_data
[4.490s] copying launch/turtle_gz.launch.py -> /home/zahid/NextAISense/ROS/install/turtle_simulation/share/turtle_simulation/launch
[4.491s] running install_egg_info
[4.579s] removing '/home/zahid/NextAISense/ROS/install/turtle_simulation/lib/python3.12/site-packages/turtle_simulation-0.0.0-py3.12.egg-info' (and everything under it)
[4.579s] Copying ../../build/turtle_simulation/turtle_simulation.egg-info to /home/zahid/NextAISense/ROS/install/turtle_simulation/lib/python3.12/site-packages/turtle_simulation-0.0.0-py3.12.egg-info
[4.579s] running install_scripts
[5.071s] Installing turtle_control script to /home/zahid/NextAISense/ROS/install/turtle_simulation/lib/turtle_simulation
[5.078s] writing list of installed files to '/home/zahid/NextAISense/ROS/build/turtle_simulation/install.log'
[5.218s] Invoked command in '/home/zahid/NextAISense/ROS/src/turtle_simulation' returned '0': DEBUGINFOD_URLS=https://debuginfod.ubuntu.com PYTHONPATH=/home/zahid/NextAISense/ROS/build/turtle_simulation/prefix_override:/usr/lib/python3/dist-packages/colcon_core/task/python/colcon_distutils_commands:/home/zahid/NextAISense/ROS/install/turtle_simulation/lib/python3.12/site-packages:${PYTHONPATH} /usr/bin/python3 -W ignore:setup.py install is deprecated -W ignore:easy_install command is deprecated setup.py egg_info --egg-base ../../build/turtle_simulation build --build-base /home/zahid/NextAISense/ROS/build/turtle_simulation/build install --record /home/zahid/NextAISense/ROS/build/turtle_simulation/install.log --single-version-externally-managed install_data
