/home/zahid/NextAISense/ROS/install/turtle_simulation/lib/python3.12/site-packages/turtle_simulation/control_panel.py
/home/zahid/NextAISense/ROS/install/turtle_simulation/lib/python3.12/site-packages/turtle_simulation/turtle_control.py
/home/zahid/NextAISense/ROS/install/turtle_simulation/lib/python3.12/site-packages/turtle_simulation/teleop_control.py
/home/zahid/NextAISense/ROS/install/turtle_simulation/lib/python3.12/site-packages/turtle_simulation/__init__.py
/home/zahid/NextAISense/ROS/install/turtle_simulation/lib/python3.12/site-packages/turtle_simulation/__pycache__/control_panel.cpython-312.pyc
/home/zahid/NextAISense/ROS/install/turtle_simulation/lib/python3.12/site-packages/turtle_simulation/__pycache__/turtle_control.cpython-312.pyc
/home/zahid/NextAISense/ROS/install/turtle_simulation/lib/python3.12/site-packages/turtle_simulation/__pycache__/teleop_control.cpython-312.pyc
/home/zahid/NextAISense/ROS/install/turtle_simulation/lib/python3.12/site-packages/turtle_simulation/__pycache__/__init__.cpython-312.pyc
/home/zahid/NextAISense/ROS/install/turtle_simulation/share/ament_index/resource_index/packages/turtle_simulation
/home/zahid/NextAISense/ROS/install/turtle_simulation/share/turtle_simulation/package.xml
/home/zahid/NextAISense/ROS/install/turtle_simulation/share/turtle_simulation/launch/turtle_gz.launch.py
/home/zahid/NextAISense/ROS/install/turtle_simulation/share/turtle_simulation/models/turtlebot/model.sdf
/home/zahid/NextAISense/ROS/install/turtle_simulation/share/turtle_simulation/models/turtlebot/model.config
/home/zahid/NextAISense/ROS/install/turtle_simulation/share/turtle_simulation/models/turtlebot/CustomClient.config
/home/zahid/NextAISense/ROS/install/turtle_simulation/lib/python3.12/site-packages/turtle_simulation-0.0.0-py3.12.egg-info/requires.txt
/home/zahid/NextAISense/ROS/install/turtle_simulation/lib/python3.12/site-packages/turtle_simulation-0.0.0-py3.12.egg-info/dependency_links.txt
/home/zahid/NextAISense/ROS/install/turtle_simulation/lib/python3.12/site-packages/turtle_simulation-0.0.0-py3.12.egg-info/SOURCES.txt
/home/zahid/NextAISense/ROS/install/turtle_simulation/lib/python3.12/site-packages/turtle_simulation-0.0.0-py3.12.egg-info/zip-safe
/home/zahid/NextAISense/ROS/install/turtle_simulation/lib/python3.12/site-packages/turtle_simulation-0.0.0-py3.12.egg-info/PKG-INFO
/home/zahid/NextAISense/ROS/install/turtle_simulation/lib/python3.12/site-packages/turtle_simulation-0.0.0-py3.12.egg-info/top_level.txt
