running egg_info
writing ../../build/turtle_simulation/turtle_simulation.egg-info/PKG-INFO
writing dependency_links to ../../build/turtle_simulation/turtle_simulation.egg-info/dependency_links.txt
writing entry points to ../../build/turtle_simulation/turtle_simulation.egg-info/entry_points.txt
writing requirements to ../../build/turtle_simulation/turtle_simulation.egg-info/requires.txt
writing top-level names to ../../build/turtle_simulation/turtle_simulation.egg-info/top_level.txt
reading manifest file '../../build/turtle_simulation/turtle_simulation.egg-info/SOURCES.txt'
writing manifest file '../../build/turtle_simulation/turtle_simulation.egg-info/SOURCES.txt'
running build
running build_py
copying turtle_simulation/turtle_control.py -> /home/zahid/NextAISense/ROS/build/turtle_simulation/build/lib/turtle_simulation
running install
running install_lib
copying /home/zahid/NextAISense/ROS/build/turtle_simulation/build/lib/turtle_simulation/turtle_control.py -> /home/zahid/NextAISense/ROS/install/turtle_simulation/lib/python3.12/site-packages/turtle_simulation
byte-compiling /home/zahid/NextAISense/ROS/install/turtle_simulation/lib/python3.12/site-packages/turtle_simulation/turtle_control.py to turtle_control.cpython-312.pyc
running install_data
running install_egg_info
removing '/home/zahid/NextAISense/ROS/install/turtle_simulation/lib/python3.12/site-packages/turtle_simulation-0.0.0-py3.12.egg-info' (and everything under it)
Copying ../../build/turtle_simulation/turtle_simulation.egg-info to /home/zahid/NextAISense/ROS/install/turtle_simulation/lib/python3.12/site-packages/turtle_simulation-0.0.0-py3.12.egg-info
running install_scripts
Installing turtle_control script to /home/zahid/NextAISense/ROS/install/turtle_simulation/lib/turtle_simulation
writing list of installed files to '/home/zahid/NextAISense/ROS/build/turtle_simulation/install.log'
