[1.915s] Invoking command in '/home/zahid/NextAISense/ROS/src/turtle_simulation': DEBUGINFOD_URLS=https://debuginfod.ubuntu.com PYTHONPATH=/home/zahid/NextAISense/ROS/build/turtle_simulation/prefix_override:/usr/lib/python3/dist-packages/colcon_core/task/python/colcon_distutils_commands:/home/zahid/NextAISense/ROS/install/turtle_simulation/lib/python3.12/site-packages:${PYTHONPATH} /usr/bin/python3 -W ignore:setup.py install is deprecated -W ignore:easy_install command is deprecated setup.py egg_info --egg-base ../../build/turtle_simulation build --build-base /home/zahid/NextAISense/ROS/build/turtle_simulation/build install --record /home/zahid/NextAISense/ROS/build/turtle_simulation/install.log --single-version-externally-managed install_data
[2.581s] running egg_info
[2.619s] writing ../../build/turtle_simulation/turtle_simulation.egg-info/PKG-INFO
[2.621s] writing dependency_links to ../../build/turtle_simulation/turtle_simulation.egg-info/dependency_links.txt
[2.622s] writing entry points to ../../build/turtle_simulation/turtle_simulation.egg-info/entry_points.txt
[2.627s] writing requirements to ../../build/turtle_simulation/turtle_simulation.egg-info/requires.txt
[2.627s] writing top-level names to ../../build/turtle_simulation/turtle_simulation.egg-info/top_level.txt
[2.724s] reading manifest file '../../build/turtle_simulation/turtle_simulation.egg-info/SOURCES.txt'
[2.725s] writing manifest file '../../build/turtle_simulation/turtle_simulation.egg-info/SOURCES.txt'
[2.725s] running build
[2.726s] running build_py
[2.728s] copying turtle_simulation/turtle_control.py -> /home/zahid/NextAISense/ROS/build/turtle_simulation/build/lib/turtle_simulation
[2.729s] running install
[2.740s] running install_lib
[2.800s] copying /home/zahid/NextAISense/ROS/build/turtle_simulation/build/lib/turtle_simulation/turtle_control.py -> /home/zahid/NextAISense/ROS/install/turtle_simulation/lib/python3.12/site-packages/turtle_simulation
[2.809s] byte-compiling /home/zahid/NextAISense/ROS/install/turtle_simulation/lib/python3.12/site-packages/turtle_simulation/turtle_control.py to turtle_control.cpython-312.pyc
[2.809s] running install_data
[2.809s] running install_egg_info
[2.862s] removing '/home/zahid/NextAISense/ROS/install/turtle_simulation/lib/python3.12/site-packages/turtle_simulation-0.0.0-py3.12.egg-info' (and everything under it)
[2.862s] Copying ../../build/turtle_simulation/turtle_simulation.egg-info to /home/zahid/NextAISense/ROS/install/turtle_simulation/lib/python3.12/site-packages/turtle_simulation-0.0.0-py3.12.egg-info
[2.863s] running install_scripts
[3.147s] Installing turtle_control script to /home/zahid/NextAISense/ROS/install/turtle_simulation/lib/turtle_simulation
[3.147s] writing list of installed files to '/home/zahid/NextAISense/ROS/build/turtle_simulation/install.log'
[3.210s] Invoked command in '/home/zahid/NextAISense/ROS/src/turtle_simulation' returned '0': DEBUGINFOD_URLS=https://debuginfod.ubuntu.com PYTHONPATH=/home/zahid/NextAISense/ROS/build/turtle_simulation/prefix_override:/usr/lib/python3/dist-packages/colcon_core/task/python/colcon_distutils_commands:/home/zahid/NextAISense/ROS/install/turtle_simulation/lib/python3.12/site-packages:${PYTHONPATH} /usr/bin/python3 -W ignore:setup.py install is deprecated -W ignore:easy_install command is deprecated setup.py egg_info --egg-base ../../build/turtle_simulation build --build-base /home/zahid/NextAISense/ROS/build/turtle_simulation/build install --record /home/zahid/NextAISense/ROS/build/turtle_simulation/install.log --single-version-externally-managed install_data
