[2.228s] Invoking command in '/home/zahid/NextAISense/ROS/src/turtle_simulation': DEBUGINFOD_URLS=https://debuginfod.ubuntu.com PYTHONPATH=/home/zahid/NextAISense/ROS/build/turtle_simulation/prefix_override:/usr/lib/python3/dist-packages/colcon_core/task/python/colcon_distutils_commands:/home/zahid/NextAISense/ROS/install/turtle_simulation/lib/python3.12/site-packages:${PYTHONPATH} /usr/bin/python3 -W ignore:setup.py install is deprecated -W ignore:easy_install command is deprecated setup.py egg_info --egg-base ../../build/turtle_simulation build --build-base /home/zahid/NextAISense/ROS/build/turtle_simulation/build install --record /home/zahid/NextAISense/ROS/build/turtle_simulation/install.log --single-version-externally-managed install_data
[2.891s] running egg_info
[2.934s] writing ../../build/turtle_simulation/turtle_simulation.egg-info/PKG-INFO
[2.934s] writing dependency_links to ../../build/turtle_simulation/turtle_simulation.egg-info/dependency_links.txt
[2.934s] writing entry points to ../../build/turtle_simulation/turtle_simulation.egg-info/entry_points.txt
[2.935s] writing requirements to ../../build/turtle_simulation/turtle_simulation.egg-info/requires.txt
[2.935s] writing top-level names to ../../build/turtle_simulation/turtle_simulation.egg-info/top_level.txt
[3.051s] reading manifest file '../../build/turtle_simulation/turtle_simulation.egg-info/SOURCES.txt'
[3.054s] writing manifest file '../../build/turtle_simulation/turtle_simulation.egg-info/SOURCES.txt'
[3.054s] running build
[3.054s] running build_py
[3.055s] running install
[3.063s] running install_lib
[3.108s] running install_data
[3.109s] running install_egg_info
[3.164s] removing '/home/zahid/NextAISense/ROS/install/turtle_simulation/lib/python3.12/site-packages/turtle_simulation-0.0.0-py3.12.egg-info' (and everything under it)
[3.164s] Copying ../../build/turtle_simulation/turtle_simulation.egg-info to /home/zahid/NextAISense/ROS/install/turtle_simulation/lib/python3.12/site-packages/turtle_simulation-0.0.0-py3.12.egg-info
[3.166s] running install_scripts
[3.481s] Installing turtle_control script to /home/zahid/NextAISense/ROS/install/turtle_simulation/lib/turtle_simulation
[3.482s] writing list of installed files to '/home/zahid/NextAISense/ROS/build/turtle_simulation/install.log'
[3.561s] Invoked command in '/home/zahid/NextAISense/ROS/src/turtle_simulation' returned '0': DEBUGINFOD_URLS=https://debuginfod.ubuntu.com PYTHONPATH=/home/zahid/NextAISense/ROS/build/turtle_simulation/prefix_override:/usr/lib/python3/dist-packages/colcon_core/task/python/colcon_distutils_commands:/home/zahid/NextAISense/ROS/install/turtle_simulation/lib/python3.12/site-packages:${PYTHONPATH} /usr/bin/python3 -W ignore:setup.py install is deprecated -W ignore:easy_install command is deprecated setup.py egg_info --egg-base ../../build/turtle_simulation build --build-base /home/zahid/NextAISense/ROS/build/turtle_simulation/build install --record /home/zahid/NextAISense/ROS/build/turtle_simulation/install.log --single-version-externally-managed install_data
