[1.604s] Invoking command in '/home/zahid/NextAISense/ROS/src/turtle_simulation': DEBUGINFOD_URLS=https://debuginfod.ubuntu.com PYTHONPATH=/home/zahid/NextAISense/ROS/build/turtle_simulation/prefix_override:/usr/lib/python3/dist-packages/colcon_core/task/python/colcon_distutils_commands:/home/zahid/NextAISense/ROS/install/turtle_simulation/lib/python3.12/site-packages:${PYTHONPATH} /usr/bin/python3 -W ignore:setup.py install is deprecated -W ignore:easy_install command is deprecated setup.py egg_info --egg-base ../../build/turtle_simulation build --build-base /home/zahid/NextAISense/ROS/build/turtle_simulation/build install --record /home/zahid/NextAISense/ROS/build/turtle_simulation/install.log --single-version-externally-managed install_data
[1.951s] running egg_info
[1.976s] writing ../../build/turtle_simulation/turtle_simulation.egg-info/PKG-INFO
[1.976s] writing dependency_links to ../../build/turtle_simulation/turtle_simulation.egg-info/dependency_links.txt
[1.977s] writing entry points to ../../build/turtle_simulation/turtle_simulation.egg-info/entry_points.txt
[1.977s] writing requirements to ../../build/turtle_simulation/turtle_simulation.egg-info/requires.txt
[1.977s] writing top-level names to ../../build/turtle_simulation/turtle_simulation.egg-info/top_level.txt
[2.033s] reading manifest file '../../build/turtle_simulation/turtle_simulation.egg-info/SOURCES.txt'
[2.071s] writing manifest file '../../build/turtle_simulation/turtle_simulation.egg-info/SOURCES.txt'
[2.071s] running build
[2.071s] running build_py
[2.071s] running install
[2.079s] running install_lib
[2.106s] running install_data
[2.106s] copying launch/turtle_gz.launch.py -> /home/zahid/NextAISense/ROS/install/turtle_simulation/share/turtle_simulation/launch
[2.106s] running install_egg_info
[2.136s] removing '/home/zahid/NextAISense/ROS/install/turtle_simulation/lib/python3.12/site-packages/turtle_simulation-0.0.0-py3.12.egg-info' (and everything under it)
[2.137s] Copying ../../build/turtle_simulation/turtle_simulation.egg-info to /home/zahid/NextAISense/ROS/install/turtle_simulation/lib/python3.12/site-packages/turtle_simulation-0.0.0-py3.12.egg-info
[2.138s] running install_scripts
[2.318s] Installing turtle_control script to /home/zahid/NextAISense/ROS/install/turtle_simulation/lib/turtle_simulation
[2.318s] writing list of installed files to '/home/zahid/NextAISense/ROS/build/turtle_simulation/install.log'
[2.357s] Invoked command in '/home/zahid/NextAISense/ROS/src/turtle_simulation' returned '0': DEBUGINFOD_URLS=https://debuginfod.ubuntu.com PYTHONPATH=/home/zahid/NextAISense/ROS/build/turtle_simulation/prefix_override:/usr/lib/python3/dist-packages/colcon_core/task/python/colcon_distutils_commands:/home/zahid/NextAISense/ROS/install/turtle_simulation/lib/python3.12/site-packages:${PYTHONPATH} /usr/bin/python3 -W ignore:setup.py install is deprecated -W ignore:easy_install command is deprecated setup.py egg_info --egg-base ../../build/turtle_simulation build --build-base /home/zahid/NextAISense/ROS/build/turtle_simulation/build install --record /home/zahid/NextAISense/ROS/build/turtle_simulation/install.log --single-version-externally-managed install_data
