running egg_info
writing ../../build/turtle_simulation/turtle_simulation.egg-info/PKG-INFO
writing dependency_links to ../../build/turtle_simulation/turtle_simulation.egg-info/dependency_links.txt
writing entry points to ../../build/turtle_simulation/turtle_simulation.egg-info/entry_points.txt
writing requirements to ../../build/turtle_simulation/turtle_simulation.egg-info/requires.txt
writing top-level names to ../../build/turtle_simulation/turtle_simulation.egg-info/top_level.txt
reading manifest file '../../build/turtle_simulation/turtle_simulation.egg-info/SOURCES.txt'
writing manifest file '../../build/turtle_simulation/turtle_simulation.egg-info/SOURCES.txt'
running build
running build_py
running install
running install_lib
running install_data
copying models/turtlebot/model.sdf -> /home/anurag/NextAISense/ROS/install/turtle_simulation/share/turtle_simulation/models/turtlebot
copying models/turtlebot/model.config -> /home/anurag/NextAISense/ROS/install/turtle_simulation/share/turtle_simulation/models/turtlebot
running install_egg_info
removing '/home/anurag/NextAISense/ROS/install/turtle_simulation/lib/python3.12/site-packages/turtle_simulation-0.0.0-py3.12.egg-info' (and everything under it)
Copying ../../build/turtle_simulation/turtle_simulation.egg-info to /home/anurag/NextAISense/ROS/install/turtle_simulation/lib/python3.12/site-packages/turtle_simulation-0.0.0-py3.12.egg-info
running install_scripts
Installing turtle_control script to /home/anurag/NextAISense/ROS/install/turtle_simulation/lib/turtle_simulation
writing list of installed files to '/home/anurag/NextAISense/ROS/build/turtle_simulation/install.log'
