[1.332s] Invoking command in '/home/anurag/NextAISense/ROS/src/turtle_simulation': DEBUGINFOD_URLS=https://debuginfod.ubuntu.com PYTHONPATH=/home/anurag/NextAISense/ROS/build/turtle_simulation/prefix_override:/usr/lib/python3/dist-packages/colcon_core/task/python/colcon_distutils_commands:/home/anurag/NextAISense/ROS/install/turtle_simulation/lib/python3.12/site-packages:${PYTHONPATH} /usr/bin/python3 -W ignore:setup.py install is deprecated -W ignore:easy_install command is deprecated setup.py egg_info --egg-base ../../build/turtle_simulation build --build-base /home/anurag/NextAISense/ROS/build/turtle_simulation/build install --record /home/anurag/NextAISense/ROS/build/turtle_simulation/install.log --single-version-externally-managed install_data
[1.759s] running egg_info
[1.760s] creating ../../build/turtle_simulation/turtle_simulation.egg-info
[1.793s] writing ../../build/turtle_simulation/turtle_simulation.egg-info/PKG-INFO
[1.793s] writing dependency_links to ../../build/turtle_simulation/turtle_simulation.egg-info/dependency_links.txt
[1.793s] writing entry points to ../../build/turtle_simulation/turtle_simulation.egg-info/entry_points.txt
[1.793s] writing requirements to ../../build/turtle_simulation/turtle_simulation.egg-info/requires.txt
[1.794s] writing top-level names to ../../build/turtle_simulation/turtle_simulation.egg-info/top_level.txt
[1.794s] writing manifest file '../../build/turtle_simulation/turtle_simulation.egg-info/SOURCES.txt'
[1.861s] reading manifest file '../../build/turtle_simulation/turtle_simulation.egg-info/SOURCES.txt'
[1.862s] writing manifest file '../../build/turtle_simulation/turtle_simulation.egg-info/SOURCES.txt'
[1.862s] running build
[1.862s] running build_py
[1.863s] creating /home/anurag/NextAISense/ROS/build/turtle_simulation/build
[1.863s] creating /home/anurag/NextAISense/ROS/build/turtle_simulation/build/lib
[1.863s] creating /home/anurag/NextAISense/ROS/build/turtle_simulation/build/lib/turtle_simulation
[1.863s] copying turtle_simulation/__init__.py -> /home/anurag/NextAISense/ROS/build/turtle_simulation/build/lib/turtle_simulation
[1.863s] copying turtle_simulation/turtle_control.py -> /home/anurag/NextAISense/ROS/build/turtle_simulation/build/lib/turtle_simulation
[1.863s] running install
[1.871s] running install_lib
[1.907s] creating /home/anurag/NextAISense/ROS/install/turtle_simulation/lib/python3.12/site-packages/turtle_simulation
[1.907s] copying /home/anurag/NextAISense/ROS/build/turtle_simulation/build/lib/turtle_simulation/__init__.py -> /home/anurag/NextAISense/ROS/install/turtle_simulation/lib/python3.12/site-packages/turtle_simulation
[1.908s] copying /home/anurag/NextAISense/ROS/build/turtle_simulation/build/lib/turtle_simulation/turtle_control.py -> /home/anurag/NextAISense/ROS/install/turtle_simulation/lib/python3.12/site-packages/turtle_simulation
[1.910s] byte-compiling /home/anurag/NextAISense/ROS/install/turtle_simulation/lib/python3.12/site-packages/turtle_simulation/__init__.py to __init__.cpython-312.pyc
[1.910s] byte-compiling /home/anurag/NextAISense/ROS/install/turtle_simulation/lib/python3.12/site-packages/turtle_simulation/turtle_control.py to turtle_control.cpython-312.pyc
[1.910s] running install_data
[1.910s] creating /home/anurag/NextAISense/ROS/install/turtle_simulation/share/ament_index
[1.910s] creating /home/anurag/NextAISense/ROS/install/turtle_simulation/share/ament_index/resource_index
[1.910s] creating /home/anurag/NextAISense/ROS/install/turtle_simulation/share/ament_index/resource_index/packages
[1.911s] copying resource/turtle_simulation -> /home/anurag/NextAISense/ROS/install/turtle_simulation/share/ament_index/resource_index/packages
[1.911s] copying package.xml -> /home/anurag/NextAISense/ROS/install/turtle_simulation/share/turtle_simulation
[1.911s] creating /home/anurag/NextAISense/ROS/install/turtle_simulation/share/turtle_simulation/launch
[1.911s] copying launch/turtle_gz.launch.py -> /home/anurag/NextAISense/ROS/install/turtle_simulation/share/turtle_simulation/launch
[1.911s] creating /home/anurag/NextAISense/ROS/install/turtle_simulation/share/turtle_simulation/models
[1.912s] creating /home/anurag/NextAISense/ROS/install/turtle_simulation/share/turtle_simulation/models/turtlebot
[1.912s] copying models/turtlebot/model.sdf -> /home/anurag/NextAISense/ROS/install/turtle_simulation/share/turtle_simulation/models/turtlebot
[1.912s] running install_egg_info
[1.947s] Copying ../../build/turtle_simulation/turtle_simulation.egg-info to /home/anurag/NextAISense/ROS/install/turtle_simulation/lib/python3.12/site-packages/turtle_simulation-0.0.0-py3.12.egg-info
[1.949s] running install_scripts
[2.175s] Installing turtle_control script to /home/anurag/NextAISense/ROS/install/turtle_simulation/lib/turtle_simulation
[2.176s] writing list of installed files to '/home/anurag/NextAISense/ROS/build/turtle_simulation/install.log'
[2.234s] Invoked command in '/home/anurag/NextAISense/ROS/src/turtle_simulation' returned '0': DEBUGINFOD_URLS=https://debuginfod.ubuntu.com PYTHONPATH=/home/anurag/NextAISense/ROS/build/turtle_simulation/prefix_override:/usr/lib/python3/dist-packages/colcon_core/task/python/colcon_distutils_commands:/home/anurag/NextAISense/ROS/install/turtle_simulation/lib/python3.12/site-packages:${PYTHONPATH} /usr/bin/python3 -W ignore:setup.py install is deprecated -W ignore:easy_install command is deprecated setup.py egg_info --egg-base ../../build/turtle_simulation build --build-base /home/anurag/NextAISense/ROS/build/turtle_simulation/build install --record /home/anurag/NextAISense/ROS/build/turtle_simulation/install.log --single-version-externally-managed install_data
