[0.652s] DEBUG:colcon:Command line arguments: ['/usr/bin/colcon', 'build']
[0.652s] DEBUG:colcon:Parsed command line arguments: Namespace(log_base=None, log_level=None, verb_name='build', build_base='build', install_base='install', merge_install=False, symlink_install=False, test_result_base=None, continue_on_error=False, executor='parallel', parallel_workers=4, event_handlers=None, ignore_user_meta=False, metas=['./colcon.meta'], base_paths=['.'], packages_ignore=None, packages_ignore_regex=None, paths=None, packages_up_to=None, packages_up_to_regex=None, packages_above=None, packages_above_and_dependencies=None, packages_above_depth=None, packages_select_by_dep=None, packages_skip_by_dep=None, packages_skip_up_to=None, packages_select_build_failed=False, packages_skip_build_finished=False, packages_select_test_failures=False, packages_skip_test_passed=False, packages_select=None, packages_skip=None, packages_select_regex=None, packages_skip_regex=None, packages_start=None, packages_end=None, cmake_args=None, cmake_target=None, cmake_target_skip_unavailable=False, cmake_clean_cache=False, cmake_clean_first=False, cmake_force_configure=False, ament_cmake_args=None, catkin_cmake_args=None, catkin_skip_building_tests=False, verb_parser=<colcon_defaults.argument_parser.defaults.DefaultArgumentsDecorator object at 0x7d3a6f2fb920>, verb_extension=<colcon_core.verb.build.BuildVerb object at 0x7d3a6fb663c0>, main=<bound method BuildVerb.main of <colcon_core.verb.build.BuildVerb object at 0x7d3a6fb663c0>>)
[1.084s] Level 1:colcon.colcon_core.package_discovery:discover_packages(colcon_meta) check parameters
[1.084s] Level 1:colcon.colcon_core.package_discovery:discover_packages(recursive) check parameters
[1.084s] Level 1:colcon.colcon_core.package_discovery:discover_packages(ignore) check parameters
[1.084s] Level 1:colcon.colcon_core.package_discovery:discover_packages(path) check parameters
[1.084s] Level 1:colcon.colcon_core.package_discovery:discover_packages(colcon_meta) discover
[1.084s] Level 1:colcon.colcon_core.package_discovery:discover_packages(recursive) discover
[1.084s] INFO:colcon.colcon_core.package_discovery:Crawling recursively for packages in '/home/zahid/NextAISense/ROS'
[1.085s] Level 1:colcon.colcon_core.package_identification:_identify(.) by extensions ['ignore', 'ignore_ament_install']
[1.085s] Level 1:colcon.colcon_core.package_identification:_identify(.) by extension 'ignore'
[1.085s] Level 1:colcon.colcon_core.package_identification:_identify(.) by extension 'ignore_ament_install'
[1.086s] Level 1:colcon.colcon_core.package_identification:_identify(.) by extensions ['colcon_pkg']
[1.086s] Level 1:colcon.colcon_core.package_identification:_identify(.) by extension 'colcon_pkg'
[1.086s] Level 1:colcon.colcon_core.package_identification:_identify(.) by extensions ['colcon_meta']
[1.086s] Level 1:colcon.colcon_core.package_identification:_identify(.) by extension 'colcon_meta'
[1.086s] Level 1:colcon.colcon_core.package_identification:_identify(.) by extensions ['ros']
[1.086s] Level 1:colcon.colcon_core.package_identification:_identify(.) by extension 'ros'
[1.333s] Level 1:colcon.colcon_core.package_identification:_identify(.) by extensions ['cmake', 'python']
[1.333s] Level 1:colcon.colcon_core.package_identification:_identify(.) by extension 'cmake'
[1.333s] Level 1:colcon.colcon_core.package_identification:_identify(.) by extension 'python'
[1.333s] Level 1:colcon.colcon_core.package_identification:_identify(.) by extensions ['python_setup_py']
[1.333s] Level 1:colcon.colcon_core.package_identification:_identify(.) by extension 'python_setup_py'
[1.334s] Level 1:colcon.colcon_core.package_identification:_identify(build) by extensions ['ignore', 'ignore_ament_install']
[1.334s] Level 1:colcon.colcon_core.package_identification:_identify(build) by extension 'ignore'
[1.334s] Level 1:colcon.colcon_core.package_identification:_identify(build) ignored
[1.334s] Level 1:colcon.colcon_core.package_identification:_identify(install) by extensions ['ignore', 'ignore_ament_install']
[1.335s] Level 1:colcon.colcon_core.package_identification:_identify(install) by extension 'ignore'
[1.335s] Level 1:colcon.colcon_core.package_identification:_identify(install) ignored
[1.335s] Level 1:colcon.colcon_core.package_identification:_identify(log) by extensions ['ignore', 'ignore_ament_install']
[1.335s] Level 1:colcon.colcon_core.package_identification:_identify(log) by extension 'ignore'
[1.336s] Level 1:colcon.colcon_core.package_identification:_identify(log) ignored
[1.336s] Level 1:colcon.colcon_core.package_identification:_identify(src) by extensions ['ignore', 'ignore_ament_install']
[1.336s] Level 1:colcon.colcon_core.package_identification:_identify(src) by extension 'ignore'
[1.336s] Level 1:colcon.colcon_core.package_identification:_identify(src) by extension 'ignore_ament_install'
[1.336s] Level 1:colcon.colcon_core.package_identification:_identify(src) by extensions ['colcon_pkg']
[1.336s] Level 1:colcon.colcon_core.package_identification:_identify(src) by extension 'colcon_pkg'
[1.336s] Level 1:colcon.colcon_core.package_identification:_identify(src) by extensions ['colcon_meta']
[1.336s] Level 1:colcon.colcon_core.package_identification:_identify(src) by extension 'colcon_meta'
[1.337s] Level 1:colcon.colcon_core.package_identification:_identify(src) by extensions ['ros']
[1.337s] Level 1:colcon.colcon_core.package_identification:_identify(src) by extension 'ros'
[1.337s] Level 1:colcon.colcon_core.package_identification:_identify(src) by extensions ['cmake', 'python']
[1.337s] Level 1:colcon.colcon_core.package_identification:_identify(src) by extension 'cmake'
[1.337s] Level 1:colcon.colcon_core.package_identification:_identify(src) by extension 'python'
[1.337s] Level 1:colcon.colcon_core.package_identification:_identify(src) by extensions ['python_setup_py']
[1.337s] Level 1:colcon.colcon_core.package_identification:_identify(src) by extension 'python_setup_py'
[1.337s] Level 1:colcon.colcon_core.package_identification:_identify(src/turtle_simulation) by extensions ['ignore', 'ignore_ament_install']
[1.338s] Level 1:colcon.colcon_core.package_identification:_identify(src/turtle_simulation) by extension 'ignore'
[1.339s] Level 1:colcon.colcon_core.package_identification:_identify(src/turtle_simulation) by extension 'ignore_ament_install'
[1.339s] Level 1:colcon.colcon_core.package_identification:_identify(src/turtle_simulation) by extensions ['colcon_pkg']
[1.340s] Level 1:colcon.colcon_core.package_identification:_identify(src/turtle_simulation) by extension 'colcon_pkg'
[1.340s] Level 1:colcon.colcon_core.package_identification:_identify(src/turtle_simulation) by extensions ['colcon_meta']
[1.341s] Level 1:colcon.colcon_core.package_identification:_identify(src/turtle_simulation) by extension 'colcon_meta'
[1.341s] Level 1:colcon.colcon_core.package_identification:_identify(src/turtle_simulation) by extensions ['ros']
[1.341s] Level 1:colcon.colcon_core.package_identification:_identify(src/turtle_simulation) by extension 'ros'
[1.386s] DEBUG:colcon.colcon_core.package_identification:Package 'src/turtle_simulation' with type 'ros.ament_python' and name 'turtle_simulation'
[1.387s] Level 1:colcon.colcon_core.package_discovery:discover_packages(recursive) using defaults
[1.387s] Level 1:colcon.colcon_core.package_discovery:discover_packages(ignore) discover
[1.387s] Level 1:colcon.colcon_core.package_discovery:discover_packages(ignore) using defaults
[1.387s] Level 1:colcon.colcon_core.package_discovery:discover_packages(path) discover
[1.387s] Level 1:colcon.colcon_core.package_discovery:discover_packages(path) using defaults
[1.573s] Level 5:colcon.colcon_core.verb:set package 'turtle_simulation' build argument 'cmake_args' from command line to 'None'
[1.573s] Level 5:colcon.colcon_core.verb:set package 'turtle_simulation' build argument 'cmake_target' from command line to 'None'
[1.573s] Level 5:colcon.colcon_core.verb:set package 'turtle_simulation' build argument 'cmake_target_skip_unavailable' from command line to 'False'
[1.573s] Level 5:colcon.colcon_core.verb:set package 'turtle_simulation' build argument 'cmake_clean_cache' from command line to 'False'
[1.573s] Level 5:colcon.colcon_core.verb:set package 'turtle_simulation' build argument 'cmake_clean_first' from command line to 'False'
[1.573s] Level 5:colcon.colcon_core.verb:set package 'turtle_simulation' build argument 'cmake_force_configure' from command line to 'False'
[1.573s] Level 5:colcon.colcon_core.verb:set package 'turtle_simulation' build argument 'ament_cmake_args' from command line to 'None'
[1.574s] Level 5:colcon.colcon_core.verb:set package 'turtle_simulation' build argument 'catkin_cmake_args' from command line to 'None'
[1.574s] Level 5:colcon.colcon_core.verb:set package 'turtle_simulation' build argument 'catkin_skip_building_tests' from command line to 'False'
[1.574s] DEBUG:colcon.colcon_core.verb:Building package 'turtle_simulation' with the following arguments: {'ament_cmake_args': None, 'build_base': '/home/zahid/NextAISense/ROS/build/turtle_simulation', 'catkin_cmake_args': None, 'catkin_skip_building_tests': False, 'cmake_args': None, 'cmake_clean_cache': False, 'cmake_clean_first': False, 'cmake_force_configure': False, 'cmake_target': None, 'cmake_target_skip_unavailable': False, 'install_base': '/home/zahid/NextAISense/ROS/install/turtle_simulation', 'merge_install': False, 'path': '/home/zahid/NextAISense/ROS/src/turtle_simulation', 'symlink_install': False, 'test_result_base': None}
[1.574s] INFO:colcon.colcon_core.executor:Executing jobs using 'parallel' executor
[1.576s] DEBUG:colcon.colcon_parallel_executor.executor.parallel:run_until_complete
[1.577s] INFO:colcon.colcon_ros.task.ament_python.build:Building ROS package in '/home/zahid/NextAISense/ROS/src/turtle_simulation' with build type 'ament_python'
[1.577s] Level 1:colcon.colcon_core.shell:create_environment_hook('turtle_simulation', 'ament_prefix_path')
[1.614s] INFO:colcon.colcon_core.plugin_system:Skipping extension 'colcon_core.shell.bat': Not used on non-Windows systems
[1.615s] INFO:colcon.colcon_core.shell:Creating environment descriptor '/home/zahid/NextAISense/ROS/install/turtle_simulation/share/turtle_simulation/hook/ament_prefix_path.dsv'
[1.618s] INFO:colcon.colcon_core.shell:Creating environment hook '/home/zahid/NextAISense/ROS/install/turtle_simulation/share/turtle_simulation/hook/ament_prefix_path.sh'
[1.620s] DEBUG:colcon.colcon_core.shell:Skip shell extension 'dsv' for command environment
[2.559s] INFO:colcon.colcon_core.task.python.build:Building Python package in '/home/zahid/NextAISense/ROS/src/turtle_simulation'
[2.559s] DEBUG:colcon.colcon_core.shell:Skip shell extension 'dsv' for command environment
[7.805s] DEBUG:colcon.colcon_core.event_handler.log_command:Invoking command in '/home/zahid/NextAISense/ROS/src/turtle_simulation': DEBUGINFOD_URLS=https://debuginfod.ubuntu.com PYTHONPATH=/home/zahid/NextAISense/ROS/build/turtle_simulation/prefix_override:/usr/lib/python3/dist-packages/colcon_core/task/python/colcon_distutils_commands:/home/zahid/NextAISense/ROS/install/turtle_simulation/lib/python3.12/site-packages:${PYTHONPATH} /usr/bin/python3 -W ignore:setup.py install is deprecated -W ignore:easy_install command is deprecated setup.py egg_info --egg-base ../../build/turtle_simulation build --build-base /home/zahid/NextAISense/ROS/build/turtle_simulation/build install --record /home/zahid/NextAISense/ROS/build/turtle_simulation/install.log --single-version-externally-managed install_data
[9.726s] DEBUG:colcon.colcon_core.event_handler.log_command:Invoked command in '/home/zahid/NextAISense/ROS/src/turtle_simulation' returned '0': DEBUGINFOD_URLS=https://debuginfod.ubuntu.com PYTHONPATH=/home/zahid/NextAISense/ROS/build/turtle_simulation/prefix_override:/usr/lib/python3/dist-packages/colcon_core/task/python/colcon_distutils_commands:/home/zahid/NextAISense/ROS/install/turtle_simulation/lib/python3.12/site-packages:${PYTHONPATH} /usr/bin/python3 -W ignore:setup.py install is deprecated -W ignore:easy_install command is deprecated setup.py egg_info --egg-base ../../build/turtle_simulation build --build-base /home/zahid/NextAISense/ROS/build/turtle_simulation/build install --record /home/zahid/NextAISense/ROS/build/turtle_simulation/install.log --single-version-externally-managed install_data
[9.799s] Level 1:colcon.colcon_core.environment:checking '/home/zahid/NextAISense/ROS/install/turtle_simulation' for CMake module files
[9.803s] Level 1:colcon.colcon_core.environment:checking '/home/zahid/NextAISense/ROS/install/turtle_simulation' for CMake config files
[9.808s] Level 1:colcon.colcon_core.environment:checking '/home/zahid/NextAISense/ROS/install/turtle_simulation/lib'
[9.810s] Level 1:colcon.colcon_core.environment:checking '/home/zahid/NextAISense/ROS/install/turtle_simulation/bin'
[9.810s] Level 1:colcon.colcon_core.environment:checking '/home/zahid/NextAISense/ROS/install/turtle_simulation/lib/pkgconfig/turtle_simulation.pc'
[9.812s] Level 1:colcon.colcon_core.environment:checking '/home/zahid/NextAISense/ROS/install/turtle_simulation/lib/python3.12/site-packages'
[9.812s] Level 1:colcon.colcon_core.shell:create_environment_hook('turtle_simulation', 'pythonpath')
[9.813s] INFO:colcon.colcon_core.shell:Creating environment descriptor '/home/zahid/NextAISense/ROS/install/turtle_simulation/share/turtle_simulation/hook/pythonpath.dsv'
[9.815s] INFO:colcon.colcon_core.shell:Creating environment hook '/home/zahid/NextAISense/ROS/install/turtle_simulation/share/turtle_simulation/hook/pythonpath.sh'
[9.818s] Level 1:colcon.colcon_core.environment:checking '/home/zahid/NextAISense/ROS/install/turtle_simulation/bin'
[9.818s] Level 1:colcon.colcon_core.environment:create_environment_scripts_only(turtle_simulation)
[9.819s] INFO:colcon.colcon_core.shell:Creating package descriptor '/home/zahid/NextAISense/ROS/install/turtle_simulation/share/turtle_simulation/package.dsv'
[9.836s] INFO:colcon.colcon_core.shell:Creating package script '/home/zahid/NextAISense/ROS/install/turtle_simulation/share/turtle_simulation/package.sh'
[9.840s] INFO:colcon.colcon_core.shell:Creating package script '/home/zahid/NextAISense/ROS/install/turtle_simulation/share/turtle_simulation/package.bash'
[9.856s] INFO:colcon.colcon_core.shell:Creating package script '/home/zahid/NextAISense/ROS/install/turtle_simulation/share/turtle_simulation/package.zsh'
[9.872s] Level 1:colcon.colcon_core.environment:create_file_with_runtime_dependencies(/home/zahid/NextAISense/ROS/install/turtle_simulation/share/colcon-core/packages/turtle_simulation)
[9.874s] DEBUG:colcon.colcon_parallel_executor.executor.parallel:closing loop
[9.874s] DEBUG:colcon.colcon_parallel_executor.executor.parallel:loop closed
[9.875s] DEBUG:colcon.colcon_parallel_executor.executor.parallel:run_until_complete finished with '0'
[9.875s] DEBUG:colcon.colcon_core.event_reactor:joining thread
[9.910s] INFO:colcon.colcon_core.plugin_system:Skipping extension 'colcon_notification.desktop_notification.terminal_notifier': Not used on non-Darwin systems
[9.911s] INFO:colcon.colcon_core.plugin_system:Skipping extension 'colcon_notification.desktop_notification.win32': Not used on non-Windows systems
[9.911s] INFO:colcon.colcon_notification.desktop_notification:Sending desktop notification using 'notify2'
[9.965s] DEBUG:colcon.colcon_core.event_reactor:joined thread
[9.965s] INFO:colcon.colcon_core.shell:Creating prefix script '/home/zahid/NextAISense/ROS/install/local_setup.sh'
[9.967s] INFO:colcon.colcon_core.shell:Creating prefix util module '/home/zahid/NextAISense/ROS/install/_local_setup_util_sh.py'
[9.970s] INFO:colcon.colcon_core.shell:Creating prefix chain script '/home/zahid/NextAISense/ROS/install/setup.sh'
[9.975s] INFO:colcon.colcon_core.shell:Creating prefix script '/home/zahid/NextAISense/ROS/install/local_setup.bash'
[9.979s] INFO:colcon.colcon_core.shell:Creating prefix chain script '/home/zahid/NextAISense/ROS/install/setup.bash'
[9.985s] INFO:colcon.colcon_core.shell:Creating prefix script '/home/zahid/NextAISense/ROS/install/local_setup.zsh'
[9.991s] INFO:colcon.colcon_core.shell:Creating prefix chain script '/home/zahid/NextAISense/ROS/install/setup.zsh'
