[1.354s] Invoking command in '/home/anurag/NextAISense/ROS/src/turtle_simulation': DEBUGINFOD_URLS=https://debuginfod.ubuntu.com PYTHONPATH=/home/anurag/NextAISense/ROS/build/turtle_simulation/prefix_override:/usr/lib/python3/dist-packages/colcon_core/task/python/colcon_distutils_commands:/home/anurag/NextAISense/ROS/install/turtle_simulation/lib/python3.12/site-packages:${PYTHONPATH} /usr/bin/python3 -W ignore:setup.py install is deprecated -W ignore:easy_install command is deprecated setup.py egg_info --egg-base ../../build/turtle_simulation build --build-base /home/anurag/NextAISense/ROS/build/turtle_simulation/build install --record /home/anurag/NextAISense/ROS/build/turtle_simulation/install.log --single-version-externally-managed install_data
[1.788s] running egg_info
[1.823s] writing ../../build/turtle_simulation/turtle_simulation.egg-info/PKG-INFO
[1.823s] writing dependency_links to ../../build/turtle_simulation/turtle_simulation.egg-info/dependency_links.txt
[1.823s] writing entry points to ../../build/turtle_simulation/turtle_simulation.egg-info/entry_points.txt
[1.823s] writing requirements to ../../build/turtle_simulation/turtle_simulation.egg-info/requires.txt
[1.823s] writing top-level names to ../../build/turtle_simulation/turtle_simulation.egg-info/top_level.txt
[1.893s] reading manifest file '../../build/turtle_simulation/turtle_simulation.egg-info/SOURCES.txt'
[1.894s] writing manifest file '../../build/turtle_simulation/turtle_simulation.egg-info/SOURCES.txt'
[1.894s] running build
[1.894s] running build_py
[1.895s] running install
[1.903s] running install_lib
[1.945s] running install_data
[1.946s] running install_egg_info
[1.978s] removing '/home/anurag/NextAISense/ROS/install/turtle_simulation/lib/python3.12/site-packages/turtle_simulation-0.0.0-py3.12.egg-info' (and everything under it)
[1.978s] Copying ../../build/turtle_simulation/turtle_simulation.egg-info to /home/anurag/NextAISense/ROS/install/turtle_simulation/lib/python3.12/site-packages/turtle_simulation-0.0.0-py3.12.egg-info
[1.980s] running install_scripts
[2.211s] Installing turtle_control script to /home/anurag/NextAISense/ROS/install/turtle_simulation/lib/turtle_simulation
[2.212s] writing list of installed files to '/home/anurag/NextAISense/ROS/build/turtle_simulation/install.log'
[2.257s] Invoked command in '/home/anurag/NextAISense/ROS/src/turtle_simulation' returned '0': DEBUGINFOD_URLS=https://debuginfod.ubuntu.com PYTHONPATH=/home/anurag/NextAISense/ROS/build/turtle_simulation/prefix_override:/usr/lib/python3/dist-packages/colcon_core/task/python/colcon_distutils_commands:/home/anurag/NextAISense/ROS/install/turtle_simulation/lib/python3.12/site-packages:${PYTHONPATH} /usr/bin/python3 -W ignore:setup.py install is deprecated -W ignore:easy_install command is deprecated setup.py egg_info --egg-base ../../build/turtle_simulation build --build-base /home/anurag/NextAISense/ROS/build/turtle_simulation/build install --record /home/anurag/NextAISense/ROS/build/turtle_simulation/install.log --single-version-externally-managed install_data
