[1.366s] Invoking command in '/home/anurag/NextAISense/ROS/src/turtle_simulation': DEBUGINFOD_URLS=https://debuginfod.ubuntu.com PYTHONPATH=/home/anurag/NextAISense/ROS/build/turtle_simulation/prefix_override:/usr/lib/python3/dist-packages/colcon_core/task/python/colcon_distutils_commands:/home/anurag/NextAISense/ROS/install/turtle_simulation/lib/python3.12/site-packages:${PYTHONPATH} /usr/bin/python3 -W ignore:setup.py install is deprecated -W ignore:easy_install command is deprecated setup.py egg_info --egg-base ../../build/turtle_simulation build --build-base /home/anurag/NextAISense/ROS/build/turtle_simulation/build install --record /home/anurag/NextAISense/ROS/build/turtle_simulation/install.log --single-version-externally-managed install_data
[1.804s] running egg_info
[1.838s] writing ../../build/turtle_simulation/turtle_simulation.egg-info/PKG-INFO
[1.838s] writing dependency_links to ../../build/turtle_simulation/turtle_simulation.egg-info/dependency_links.txt
[1.838s] writing entry points to ../../build/turtle_simulation/turtle_simulation.egg-info/entry_points.txt
[1.839s] writing requirements to ../../build/turtle_simulation/turtle_simulation.egg-info/requires.txt
[1.839s] writing top-level names to ../../build/turtle_simulation/turtle_simulation.egg-info/top_level.txt
[1.912s] reading manifest file '../../build/turtle_simulation/turtle_simulation.egg-info/SOURCES.txt'
[1.912s] writing manifest file '../../build/turtle_simulation/turtle_simulation.egg-info/SOURCES.txt'
[1.912s] running build
[1.912s] running build_py
[1.912s] running install
[1.922s] running install_lib
[1.957s] running install_data
[1.957s] copying models/turtlebot/model.config -> /home/anurag/NextAISense/ROS/install/turtle_simulation/share/turtle_simulation/models/turtlebot
[1.957s] running install_egg_info
[1.992s] removing '/home/anurag/NextAISense/ROS/install/turtle_simulation/lib/python3.12/site-packages/turtle_simulation-0.0.0-py3.12.egg-info' (and everything under it)
[1.993s] Copying ../../build/turtle_simulation/turtle_simulation.egg-info to /home/anurag/NextAISense/ROS/install/turtle_simulation/lib/python3.12/site-packages/turtle_simulation-0.0.0-py3.12.egg-info
[1.994s] running install_scripts
[2.221s] Installing turtle_control script to /home/anurag/NextAISense/ROS/install/turtle_simulation/lib/turtle_simulation
[2.221s] writing list of installed files to '/home/anurag/NextAISense/ROS/build/turtle_simulation/install.log'
[2.263s] Invoked command in '/home/anurag/NextAISense/ROS/src/turtle_simulation' returned '0': DEBUGINFOD_URLS=https://debuginfod.ubuntu.com PYTHONPATH=/home/anurag/NextAISense/ROS/build/turtle_simulation/prefix_override:/usr/lib/python3/dist-packages/colcon_core/task/python/colcon_distutils_commands:/home/anurag/NextAISense/ROS/install/turtle_simulation/lib/python3.12/site-packages:${PYTHONPATH} /usr/bin/python3 -W ignore:setup.py install is deprecated -W ignore:easy_install command is deprecated setup.py egg_info --egg-base ../../build/turtle_simulation build --build-base /home/anurag/NextAISense/ROS/build/turtle_simulation/build install --record /home/anurag/NextAISense/ROS/build/turtle_simulation/install.log --single-version-externally-managed install_data
